  MfCapture.cpp
d:\poph264\source\tcameradevice.hpp(4): fatal error C1083: Cannot open include file: 'SoyLib\src\SoyPixels.h': No such file or directory
  MfDecoder.cpp
d:\poph264\source\mfdecoder.h(3): fatal error C1083: Cannot open include file: 'SoyMediaFoundation.h': No such file or directory
  PopCameraDevice.cpp
d:\poph264\source\popcameradevice.hpp(3): fatal error C1083: Cannot open include file: 'SoyLib\src\SoyTypes.h': No such file or directory
  memheap.cpp
c1xx : fatal error C1083: Cannot open source file: '..\Source\SoyLib\src\memheap.cpp': No such file or directory
  SoyArray.cpp
c1xx : fatal error C1083: Cannot open source file: '..\Source\SoyLib\src\SoyArray.cpp': No such file or directory
  SoyAssert.cpp
c1xx : fatal error C1083: Cannot open source file: '..\Source\SoyLib\src\SoyAssert.cpp': No such file or directory
  SoyDebug.cpp
c1xx : fatal error C1083: Cannot open source file: '..\Source\SoyLib\src\SoyDebug.cpp': No such file or directory
  SoyEvent.cpp
c1xx : fatal error C1083: Cannot open source file: '..\Source\SoyLib\src\SoyEvent.cpp': No such file or directory
  SoyH264.cpp
c1xx : fatal error C1083: Cannot open source file: '..\Source\SoyLib\src\SoyH264.cpp': No such file or directory
  SoyJson.cpp
c1xx : fatal error C1083: Cannot open source file: '..\Source\SoyLib\src\SoyJson.cpp': No such file or directory
  SoyMath.cpp
c1xx : fatal error C1083: Cannot open source file: '..\Source\SoyLib\src\SoyMath.cpp': No such file or directory
  SoyMedia.cpp
c1xx : fatal error C1083: Cannot open source file: '..\Source\SoyLib\src\SoyMedia.cpp': No such file or directory
  SoyMediaFormat.cpp
c1xx : fatal error C1083: Cannot open source file: '..\Source\SoyLib\src\SoyMediaFormat.cpp': No such file or directory
  SoyMediaFoundation.cpp
c1xx : fatal error C1083: Cannot open source file: '..\Source\SoyLib\src\SoyMediaFoundation.cpp': No such file or directory
  SoyPixels.cpp
c1xx : fatal error C1083: Cannot open source file: '..\Source\SoyLib\src\SoyPixels.cpp': No such file or directory
  SoyPng.cpp
c1xx : fatal error C1083: Cannot open source file: '..\Source\SoyLib\src\SoyPng.cpp': No such file or directory
  SoyString.cpp
c1xx : fatal error C1083: Cannot open source file: '..\Source\SoyLib\src\SoyString.cpp': No such file or directory
  SoyThread.cpp
c1xx : fatal error C1083: Cannot open source file: '..\Source\SoyLib\src\SoyThread.cpp': No such file or directory
  SoyTime.cpp
c1xx : fatal error C1083: Cannot open source file: '..\Source\SoyLib\src\SoyTime.cpp': No such file or directory
  SoyTypes.cpp
c1xx : fatal error C1083: Cannot open source file: '..\Source\SoyLib\src\SoyTypes.cpp': No such file or directory
  Generating Code...
  Compiling...
  SoyWave.cpp
c1xx : fatal error C1083: Cannot open source file: '..\Source\SoyLib\src\SoyWave.cpp': No such file or directory
  TCameraDevice.cpp
d:\poph264\source\tcameradevice.hpp(4): fatal error C1083: Cannot open include file: 'SoyLib\src\SoyPixels.h': No such file or directory
  TestDevice.cpp
d:\poph264\source\tcameradevice.hpp(4): fatal error C1083: Cannot open include file: 'SoyLib\src\SoyPixels.h': No such file or directory
  TStringBuffer.cpp
  Generating Code...
